Started GET "/games" for 127.0.0.1 at 2018-10-25 13:51:31 -0400
  [1m[35m (0.7ms)[0m  [1m[34mSELECT "schema_migrations"."version" FROM "schema_migrations" ORDER BY "schema_migrations"."version" ASC[0m
  ↳ /Users/mx/.rvm/gems/ruby-2.3.3/gems/activerecord-5.2.1/lib/active_record/log_subscriber.rb:98
  
ActiveRecord::PendingMigrationError (

Migrations are pending. To resolve this issue, run:

        bin/rails db:migrate RAILS_ENV=development

):
  
activerecord (5.2.1) lib/active_record/migration.rb:579:in `check_pending!'
activerecord (5.2.1) lib/active_record/migration.rb:556:in `call'
actionpack (5.2.1) lib/action_dispatch/middleware/callbacks.rb:28:in `block in call'
activesupport (5.2.1) lib/active_support/callbacks.rb:98:in `run_callbacks'
actionpack (5.2.1) lib/action_dispatch/middleware/callbacks.rb:26:in `call'
actionpack (5.2.1) lib/action_dispatch/middleware/executor.rb:14:in `call'
actionpack (5.2.1) lib/action_dispatch/middleware/debug_exceptions.rb:61:in `call'
web-console (3.7.0) lib/web_console/middleware.rb:135:in `call_app'
web-console (3.7.0) lib/web_console/middleware.rb:30:in `block in call'
web-console (3.7.0) lib/web_console/middleware.rb:20:in `catch'
web-console (3.7.0) lib/web_console/middleware.rb:20:in `call'
actionpack (5.2.1) lib/action_dispatch/middleware/show_exceptions.rb:33:in `call'
railties (5.2.1) lib/rails/rack/logger.rb:38:in `call_app'
railties (5.2.1) lib/rails/rack/logger.rb:26:in `block in call'
activesupport (5.2.1) lib/active_support/tagged_logging.rb:71:in `block in tagged'
activesupport (5.2.1) lib/active_support/tagged_logging.rb:28:in `tagged'
activesupport (5.2.1) lib/active_support/tagged_logging.rb:71:in `tagged'
railties (5.2.1) lib/rails/rack/logger.rb:26:in `call'
sprockets-rails (3.2.1) lib/sprockets/rails/quiet_assets.rb:13:in `call'
actionpack (5.2.1) lib/action_dispatch/middleware/remote_ip.rb:81:in `call'
actionpack (5.2.1) lib/action_dispatch/middleware/request_id.rb:27:in `call'
rack (2.0.5) lib/rack/method_override.rb:22:in `call'
rack (2.0.5) lib/rack/runtime.rb:22:in `call'
activesupport (5.2.1) lib/active_support/cache/strategy/local_cache_middleware.rb:29:in `call'
actionpack (5.2.1) lib/action_dispatch/middleware/executor.rb:14:in `call'
actionpack (5.2.1) lib/action_dispatch/middleware/static.rb:127:in `call'
rack (2.0.5) lib/rack/sendfile.rb:111:in `call'
railties (5.2.1) lib/rails/engine.rb:524:in `call'
puma (3.12.0) lib/puma/configuration.rb:225:in `call'
puma (3.12.0) lib/puma/server.rb:658:in `handle_request'
puma (3.12.0) lib/puma/server.rb:472:in `process_client'
puma (3.12.0) lib/puma/server.rb:332:in `block in run'
puma (3.12.0) lib/puma/thread_pool.rb:133:in `block in spawn_thread'
  [1m[35m (0.4ms)[0m  [1m[34mSELECT "schema_migrations"."version" FROM "schema_migrations" ORDER BY "schema_migrations"."version" ASC[0m
  ↳ /Users/mx/.rvm/gems/ruby-2.3.3/bin/rake:23
Migrating to AddFinishedToGame (20181024213601)
  [1m[35m (0.1ms)[0m  [1m[36mbegin transaction[0m
  ↳ /Users/mx/.rvm/gems/ruby-2.3.3/bin/rake:23
  [1m[35m (0.6ms)[0m  [1m[35mALTER TABLE "games" ADD "finished" boolean[0m
  ↳ db/migrate/20181024213601_add_finished_to_game.rb:3
  [1m[36mActiveRecord::SchemaMigration Create (0.5ms)[0m  [1m[32mINSERT INTO "schema_migrations" ("version") VALUES (?)[0m  [["version", "20181024213601"]]
  ↳ /Users/mx/.rvm/gems/ruby-2.3.3/bin/rake:23
  [1m[35m (0.8ms)[0m  [1m[36mcommit transaction[0m
  ↳ /Users/mx/.rvm/gems/ruby-2.3.3/bin/rake:23
Migrating to AddWinnerToRounds (20181024222147)
  [1m[35m (0.1ms)[0m  [1m[36mbegin transaction[0m
  ↳ /Users/mx/.rvm/gems/ruby-2.3.3/bin/rake:23
  [1m[35m (0.5ms)[0m  [1m[35mALTER TABLE "rounds" ADD "winner" varchar[0m
  ↳ db/migrate/20181024222147_add_winner_to_rounds.rb:3
  [1m[36mActiveRecord::SchemaMigration Create (0.2ms)[0m  [1m[32mINSERT INTO "schema_migrations" ("version") VALUES (?)[0m  [["version", "20181024222147"]]
  ↳ /Users/mx/.rvm/gems/ruby-2.3.3/bin/rake:23
  [1m[35m (0.8ms)[0m  [1m[36mcommit transaction[0m
  ↳ /Users/mx/.rvm/gems/ruby-2.3.3/bin/rake:23
Migrating to ChangeWinnerToInteger (20181024222450)
  [1m[35m (0.1ms)[0m  [1m[36mbegin transaction[0m
  ↳ /Users/mx/.rvm/gems/ruby-2.3.3/bin/rake:23
  [1m[35m (0.1ms)[0m  [1m[34mSELECT sqlite_version(*)[0m
  ↳ db/migrate/20181024222450_change_winner_to_integer.rb:3
  [1m[35m (0.2ms)[0m  [1m[35mCREATE TEMPORARY TABLE "arounds" ("id" integer NOT NULL PRIMARY KEY, "game_id" integer DEFAULT NULL, "choice_id" integer DEFAULT NULL, "winner" varchar DEFAULT NULL)[0m
  ↳ db/migrate/20181024222450_change_winner_to_integer.rb:3
  [1m[35m (0.1ms)[0m  [1m[32mINSERT INTO "arounds" ("id","game_id","choice_id","winner")
                     SELECT "id","game_id","choice_id","winner" FROM "rounds"[0m
  ↳ db/migrate/20181024222450_change_winner_to_integer.rb:3
  [1m[35m (0.4ms)[0m  [1m[35mDROP TABLE "rounds"[0m
  ↳ db/migrate/20181024222450_change_winner_to_integer.rb:3
  [1m[35m (0.2ms)[0m  [1m[35mCREATE TABLE "rounds" ("id" integer NOT NULL PRIMARY KEY, "game_id" integer DEFAULT NULL, "choice_id" integer DEFAULT NULL, "winner" boolean DEFAULT NULL)[0m
  ↳ db/migrate/20181024222450_change_winner_to_integer.rb:3
  [1m[35m (0.1ms)[0m  [1m[32mINSERT INTO "rounds" ("id","game_id","choice_id","winner")
                     SELECT "id","game_id","choice_id","winner" FROM "arounds"[0m
  ↳ db/migrate/20181024222450_change_winner_to_integer.rb:3
  [1m[35m (0.1ms)[0m  [1m[35mDROP TABLE "arounds"[0m
  ↳ db/migrate/20181024222450_change_winner_to_integer.rb:3
  [1m[36mActiveRecord::SchemaMigration Create (0.3ms)[0m  [1m[32mINSERT INTO "schema_migrations" ("version") VALUES (?)[0m  [["version", "20181024222450"]]
  ↳ /Users/mx/.rvm/gems/ruby-2.3.3/bin/rake:23
  [1m[35m (0.8ms)[0m  [1m[36mcommit transaction[0m
  ↳ /Users/mx/.rvm/gems/ruby-2.3.3/bin/rake:23
Migrating to ChangeWinnerToIntegerReal (20181024222643)
  [1m[35m (0.1ms)[0m  [1m[36mbegin transaction[0m
  ↳ /Users/mx/.rvm/gems/ruby-2.3.3/bin/rake:23
  [1m[35m (0.4ms)[0m  [1m[35mCREATE TEMPORARY TABLE "arounds" ("id" integer NOT NULL PRIMARY KEY, "game_id" integer DEFAULT NULL, "choice_id" integer DEFAULT NULL, "winner" boolean DEFAULT NULL)[0m
  ↳ db/migrate/20181024222643_change_winner_to_integer_real.rb:3
  [1m[35m (0.3ms)[0m  [1m[32mINSERT INTO "arounds" ("id","game_id","choice_id","winner")
                     SELECT "id","game_id","choice_id","winner" FROM "rounds"[0m
  ↳ db/migrate/20181024222643_change_winner_to_integer_real.rb:3
  [1m[35m (0.5ms)[0m  [1m[35mDROP TABLE "rounds"[0m
  ↳ db/migrate/20181024222643_change_winner_to_integer_real.rb:3
  [1m[35m (0.2ms)[0m  [1m[35mCREATE TABLE "rounds" ("id" integer NOT NULL PRIMARY KEY, "game_id" integer DEFAULT NULL, "choice_id" integer DEFAULT NULL, "winner" integer DEFAULT NULL)[0m
  ↳ db/migrate/20181024222643_change_winner_to_integer_real.rb:3
  [1m[35m (0.1ms)[0m  [1m[32mINSERT INTO "rounds" ("id","game_id","choice_id","winner")
                     SELECT "id","game_id","choice_id","winner" FROM "arounds"[0m
  ↳ db/migrate/20181024222643_change_winner_to_integer_real.rb:3
  [1m[35m (0.1ms)[0m  [1m[35mDROP TABLE "arounds"[0m
  ↳ db/migrate/20181024222643_change_winner_to_integer_real.rb:3
  [1m[36mActiveRecord::SchemaMigration Create (0.3ms)[0m  [1m[32mINSERT INTO "schema_migrations" ("version") VALUES (?)[0m  [["version", "20181024222643"]]
  ↳ /Users/mx/.rvm/gems/ruby-2.3.3/bin/rake:23
  [1m[35m (0.9ms)[0m  [1m[36mcommit transaction[0m
  ↳ /Users/mx/.rvm/gems/ruby-2.3.3/bin/rake:23
  [1m[36mActiveRecord::InternalMetadata Load (0.2ms)[0m  [1m[34mSELECT  "ar_internal_metadata".* FROM "ar_internal_metadata" WHERE "ar_internal_metadata"."key" = ? LIMIT ?[0m  [["key", "environment"], ["LIMIT", 1]]
  ↳ /Users/mx/.rvm/gems/ruby-2.3.3/bin/rake:23
  [1m[35m (0.1ms)[0m  [1m[36mbegin transaction[0m
  ↳ /Users/mx/.rvm/gems/ruby-2.3.3/bin/rake:23
  [1m[35m (0.1ms)[0m  [1m[36mcommit transaction[0m
  ↳ /Users/mx/.rvm/gems/ruby-2.3.3/bin/rake:23
  [1m[35m (0.2ms)[0m  [1m[34mSELECT "schema_migrations"."version" FROM "schema_migrations" ORDER BY "schema_migrations"."version" ASC[0m
  ↳ /Users/mx/.rvm/gems/ruby-2.3.3/bin/rake:23
Started GET "/games" for 127.0.0.1 at 2018-10-25 13:51:52 -0400
  [1m[35m (0.2ms)[0m  [1m[34mSELECT "schema_migrations"."version" FROM "schema_migrations" ORDER BY "schema_migrations"."version" ASC[0m
  ↳ /Users/mx/.rvm/gems/ruby-2.3.3/gems/activerecord-5.2.1/lib/active_record/log_subscriber.rb:98
Processing by GamesController#index as HTML
  Rendering games/index.erb within layouts/application
  [1m[36mGame Load (0.2ms)[0m  [1m[34mSELECT "games".* FROM "games"[0m
  ↳ app/views/games/index.erb:3
  Rendered games/index.erb within layouts/application (3.6ms)
Completed 200 OK in 338ms (Views: 319.2ms | ActiveRecord: 0.6ms)


Started GET "/games" for 127.0.0.1 at 2018-10-25 13:51:58 -0400
Processing by GamesController#index as HTML
  Rendering games/index.erb within layouts/application
  [1m[36mGame Load (0.2ms)[0m  [1m[34mSELECT "games".* FROM "games"[0m
  ↳ app/views/games/index.erb:3
  Rendered games/index.erb within layouts/application (1.8ms)
Completed 200 OK in 38ms (Views: 34.2ms | ActiveRecord: 0.2ms)


Started GET "/" for 127.0.0.1 at 2018-10-25 13:52:00 -0400
Processing by Rails::WelcomeController#index as HTML
  Rendering /Users/mx/.rvm/gems/ruby-2.3.3/gems/railties-5.2.1/lib/rails/templates/rails/welcome/index.html.erb
  Rendered /Users/mx/.rvm/gems/ruby-2.3.3/gems/railties-5.2.1/lib/rails/templates/rails/welcome/index.html.erb (5.2ms)
Completed 200 OK in 16ms (Views: 10.0ms | ActiveRecord: 0.0ms)


Started GET "/" for 127.0.0.1 at 2018-10-25 13:52:07 -0400
Processing by Rails::WelcomeController#index as HTML
  Rendering /Users/mx/.rvm/gems/ruby-2.3.3/gems/railties-5.2.1/lib/rails/templates/rails/welcome/index.html.erb
  Rendered /Users/mx/.rvm/gems/ruby-2.3.3/gems/railties-5.2.1/lib/rails/templates/rails/welcome/index.html.erb (5.5ms)
Completed 200 OK in 16ms (Views: 10.4ms | ActiveRecord: 0.0ms)


Started GET "/games" for 127.0.0.1 at 2018-10-25 13:52:12 -0400
Processing by GamesController#index as HTML
  Rendering games/index.erb within layouts/application
  [1m[36mGame Load (0.2ms)[0m  [1m[34mSELECT "games".* FROM "games"[0m
  ↳ app/views/games/index.erb:3
  Rendered games/index.erb within layouts/application (1.8ms)
Completed 200 OK in 37ms (Views: 33.7ms | ActiveRecord: 0.2ms)


Started GET "/games/new" for 127.0.0.1 at 2018-10-25 14:00:41 -0400
Processing by GamesController#new as HTML
  Rendering games/new.erb within layouts/application
  Rendered games/new.erb within layouts/application (27.1ms)
Completed 200 OK in 103ms (Views: 87.4ms | ActiveRecord: 0.5ms)


Started POST "/games" for 127.0.0.1 at 2018-10-25 14:00:47 -0400
Processing by GamesController#create as HTML
  Parameters: {"utf8"=>"✓", "authenticity_token"=>"bmw346n3gl2JESGPYjJ9Nr/ECWNM7dQ8YzS2JxFsiUGYGhkHxp5+60/Kg6TS86wwRFpS0ee/kbFbnbOU1sbxLw==", "game"=>{"name"=>"Germ", "num_rounds"=>"2"}, "commit"=>"Create Game"}
  [1m[35m (0.1ms)[0m  [1m[36mbegin transaction[0m
  ↳ app/controllers/games_controller.rb:29
  [1m[36mGame Create (0.6ms)[0m  [1m[32mINSERT INTO "games" ("name", "created_at", "updated_at", "num_rounds") VALUES (?, ?, ?, ?)[0m  [["name", "Germ"], ["created_at", "2018-10-25 18:00:47.658098"], ["updated_at", "2018-10-25 18:00:47.658098"], ["num_rounds", 2]]
  ↳ app/controllers/games_controller.rb:29
  [1m[35m (1.6ms)[0m  [1m[36mcommit transaction[0m
  ↳ app/controllers/games_controller.rb:29
  [1m[36mGame Load (0.5ms)[0m  [1m[34mSELECT "games".* FROM "games"[0m
  ↳ app/models/game.rb:7
  [1m[35m (0.1ms)[0m  [1m[36mbegin transaction[0m
  ↳ app/controllers/games_controller.rb:33
  [1m[36mGame Update (0.4ms)[0m  [1m[33mUPDATE "games" SET "room_code" = ?, "updated_at" = ?, "started" = ?, "finished" = ? WHERE "games"."id" = ?[0m  [["room_code", "FTLK"], ["updated_at", "2018-10-25 18:00:47.665721"], ["started", 0], ["finished", 0], ["id", 1]]
  ↳ app/controllers/games_controller.rb:33
  [1m[35m (1.2ms)[0m  [1m[36mcommit transaction[0m
  ↳ app/controllers/games_controller.rb:33
Redirected to http://localhost:3000/games/1
Completed 302 Found in 17ms (ActiveRecord: 4.5ms)


Started GET "/games/1" for 127.0.0.1 at 2018-10-25 14:00:47 -0400
Processing by GamesController#show as HTML
  Parameters: {"id"=>"1"}
  [1m[36mGame Load (0.3ms)[0m  [1m[34mSELECT  "games".* FROM "games" WHERE "games"."id" = ? LIMIT ?[0m  [["id", 1], ["LIMIT", 1]]
  ↳ app/controllers/games_controller.rb:8
  [1m[36mRound Load (0.1ms)[0m  [1m[34mSELECT  "rounds".* FROM "rounds" WHERE "rounds"."game_id" = ? ORDER BY "rounds"."id" DESC LIMIT ?[0m  [["game_id", 1], ["LIMIT", 1]]
  ↳ app/controllers/games_controller.rb:12
  Rendering games/show.erb within layouts/application
  [1m[36mPlayer Load (0.2ms)[0m  [1m[34mSELECT "players".* FROM "players" WHERE "players"."game_id" = ?[0m  [["game_id", 1]]
  ↳ app/views/games/show.erb:9
  Rendered games/show.erb within layouts/application (13.8ms)
Completed 200 OK in 115ms (Views: 57.7ms | ActiveRecord: 2.6ms)


Started GET "/games/1" for 127.0.0.1 at 2018-10-25 14:00:53 -0400
Processing by GamesController#show as HTML
  Parameters: {"id"=>"1"}
  [1m[36mGame Load (0.1ms)[0m  [1m[34mSELECT  "games".* FROM "games" WHERE "games"."id" = ? LIMIT ?[0m  [["id", 1], ["LIMIT", 1]]
  ↳ app/controllers/games_controller.rb:8
  [1m[36mRound Load (0.2ms)[0m  [1m[34mSELECT  "rounds".* FROM "rounds" WHERE "rounds"."game_id" = ? ORDER BY "rounds"."id" DESC LIMIT ?[0m  [["game_id", 1], ["LIMIT", 1]]
  ↳ app/controllers/games_controller.rb:12
  Rendering games/show.erb within layouts/application
  [1m[36mPlayer Load (0.1ms)[0m  [1m[34mSELECT "players".* FROM "players" WHERE "players"."game_id" = ?[0m  [["game_id", 1]]
  ↳ app/views/games/show.erb:9
  Rendered games/show.erb within layouts/application (4.4ms)
Completed 200 OK in 44ms (Views: 39.0ms | ActiveRecord: 0.5ms)


Started GET "/games/1" for 127.0.0.1 at 2018-10-25 14:01:01 -0400
Processing by GamesController#show as HTML
  Parameters: {"id"=>"1"}
  [1m[36mGame Load (0.1ms)[0m  [1m[34mSELECT  "games".* FROM "games" WHERE "games"."id" = ? LIMIT ?[0m  [["id", 1], ["LIMIT", 1]]
  ↳ app/controllers/games_controller.rb:8
  [1m[36mRound Load (0.2ms)[0m  [1m[34mSELECT  "rounds".* FROM "rounds" WHERE "rounds"."game_id" = ? ORDER BY "rounds"."id" DESC LIMIT ?[0m  [["game_id", 1], ["LIMIT", 1]]
  ↳ app/controllers/games_controller.rb:12
  Rendering games/show.erb within layouts/application
  [1m[36mPlayer Load (0.1ms)[0m  [1m[34mSELECT "players".* FROM "players" WHERE "players"."game_id" = ?[0m  [["game_id", 1]]
  ↳ app/views/games/show.erb:9
  Rendered games/show.erb within layouts/application (3.6ms)
Completed 200 OK in 47ms (Views: 41.9ms | ActiveRecord: 0.4ms)


Started GET "/games/1" for 127.0.0.1 at 2018-10-25 14:32:03 -0400
  [1m[35m (0.2ms)[0m  [1m[34mSELECT "schema_migrations"."version" FROM "schema_migrations" ORDER BY "schema_migrations"."version" ASC[0m
  ↳ /Users/mx/.rvm/gems/ruby-2.3.3/gems/activerecord-5.2.1/lib/active_record/log_subscriber.rb:98
Processing by GamesController#show as HTML
  Parameters: {"id"=>"1"}
  [1m[36mGame Load (0.2ms)[0m  [1m[34mSELECT  "games".* FROM "games" WHERE "games"."id" = ? LIMIT ?[0m  [["id", 1], ["LIMIT", 1]]
  ↳ app/controllers/games_controller.rb:8
  [1m[36mRound Load (0.1ms)[0m  [1m[34mSELECT  "rounds".* FROM "rounds" WHERE "rounds"."game_id" = ? ORDER BY "rounds"."id" DESC LIMIT ?[0m  [["game_id", 1], ["LIMIT", 1]]
  ↳ app/controllers/games_controller.rb:12
  Rendering games/show.erb within layouts/application
  [1m[36mPlayer Load (0.2ms)[0m  [1m[34mSELECT "players".* FROM "players" WHERE "players"."game_id" = ?[0m  [["game_id", 1]]
  ↳ app/views/games/show.erb:9
  Rendered games/show.erb within layouts/application (16.7ms)
Completed 200 OK in 347ms (Views: 280.1ms | ActiveRecord: 2.6ms)


Started POST "/players" for 127.0.0.1 at 2018-10-25 14:32:08 -0400
Processing by PlayersController#create as HTML
  Parameters: {"utf8"=>"✓", "authenticity_token"=>"d8D5jwACPMxRAxsjVfZT09V02OUZ0OanSq6+6xBIqKSBttdrb2vAepfYuQjlN4LVLuqDV7KCoypyB7tY1+LQyg==", "player"=>{"room_code"=>"FTLK", "name"=>"Max"}, "commit"=>"Create Player"}
  [1m[36mGame Load (0.3ms)[0m  [1m[34mSELECT  "games".* FROM "games" WHERE "games"."room_code" = ? LIMIT ?[0m  [["room_code", "FTLK"], ["LIMIT", 1]]
  ↳ app/controllers/players_controller.rb:20
  [1m[35m (0.1ms)[0m  [1m[36mbegin transaction[0m
  ↳ app/controllers/players_controller.rb:8
  [1m[36mGame Load (0.2ms)[0m  [1m[34mSELECT  "games".* FROM "games" WHERE "games"."id" = ? LIMIT ?[0m  [["id", 1], ["LIMIT", 1]]
  ↳ app/controllers/players_controller.rb:8
  [1m[36mPlayer Create (0.7ms)[0m  [1m[32mINSERT INTO "players" ("name", "game_id", "created_at", "updated_at", "room_code") VALUES (?, ?, ?, ?, ?)[0m  [["name", "Max"], ["game_id", 1], ["created_at", "2018-10-25 18:32:08.716195"], ["updated_at", "2018-10-25 18:32:08.716195"], ["room_code", "FTLK"]]
  ↳ app/controllers/players_controller.rb:8
  [1m[35m (1.3ms)[0m  [1m[36mcommit transaction[0m
  ↳ app/controllers/players_controller.rb:8
Redirected to http://localhost:3000/games/1
Completed 302 Found in 13ms (ActiveRecord: 2.4ms)


Started GET "/games/1" for 127.0.0.1 at 2018-10-25 14:32:08 -0400
Processing by GamesController#show as HTML
  Parameters: {"id"=>"1"}
  [1m[36mGame Load (0.2ms)[0m  [1m[34mSELECT  "games".* FROM "games" WHERE "games"."id" = ? LIMIT ?[0m  [["id", 1], ["LIMIT", 1]]
  ↳ app/controllers/games_controller.rb:8
  [1m[36mRound Load (0.3ms)[0m  [1m[34mSELECT  "rounds".* FROM "rounds" WHERE "rounds"."game_id" = ? ORDER BY "rounds"."id" DESC LIMIT ?[0m  [["game_id", 1], ["LIMIT", 1]]
  ↳ app/controllers/games_controller.rb:12
  Rendering games/show.erb within layouts/application
  [1m[36mPlayer Load (0.4ms)[0m  [1m[34mSELECT "players".* FROM "players" WHERE "players"."game_id" = ?[0m  [["game_id", 1]]
  ↳ app/views/games/show.erb:9
  Rendered games/show.erb within layouts/application (7.8ms)
Completed 200 OK in 114ms (Views: 105.8ms | ActiveRecord: 0.9ms)


Started POST "/players" for 127.0.0.1 at 2018-10-25 14:32:11 -0400
Processing by PlayersController#create as HTML
  Parameters: {"utf8"=>"✓", "authenticity_token"=>"LaziyXZlr9acR9Fvei5TewesOz+XqyMUzgd1wXAMMWjb2swtGQxTYFqcc0TK74J9/DJgjTz5Zpn2rnByt6ZJBg==", "player"=>{"room_code"=>"FTLK", "name"=>"JT"}, "commit"=>"Create Player"}
  [1m[36mGame Load (0.1ms)[0m  [1m[34mSELECT  "games".* FROM "games" WHERE "games"."room_code" = ? LIMIT ?[0m  [["room_code", "FTLK"], ["LIMIT", 1]]
  ↳ app/controllers/players_controller.rb:20
  [1m[35m (0.1ms)[0m  [1m[36mbegin transaction[0m
  ↳ app/controllers/players_controller.rb:8
  [1m[36mGame Load (0.1ms)[0m  [1m[34mSELECT  "games".* FROM "games" WHERE "games"."id" = ? LIMIT ?[0m  [["id", 1], ["LIMIT", 1]]
  ↳ app/controllers/players_controller.rb:8
  [1m[36mPlayer Create (0.4ms)[0m  [1m[32mINSERT INTO "players" ("name", "game_id", "created_at", "updated_at", "room_code") VALUES (?, ?, ?, ?, ?)[0m  [["name", "JT"], ["game_id", 1], ["created_at", "2018-10-25 18:32:11.591906"], ["updated_at", "2018-10-25 18:32:11.591906"], ["room_code", "FTLK"]]
  ↳ app/controllers/players_controller.rb:8
  [1m[35m (1.1ms)[0m  [1m[36mcommit transaction[0m
  ↳ app/controllers/players_controller.rb:8
Redirected to http://localhost:3000/games/1
Completed 302 Found in 7ms (ActiveRecord: 1.8ms)


Started GET "/games/1" for 127.0.0.1 at 2018-10-25 14:32:11 -0400
Processing by GamesController#show as HTML
  Parameters: {"id"=>"1"}
  [1m[36mGame Load (0.2ms)[0m  [1m[34mSELECT  "games".* FROM "games" WHERE "games"."id" = ? LIMIT ?[0m  [["id", 1], ["LIMIT", 1]]
  ↳ app/controllers/games_controller.rb:8
  [1m[36mRound Load (0.2ms)[0m  [1m[34mSELECT  "rounds".* FROM "rounds" WHERE "rounds"."game_id" = ? ORDER BY "rounds"."id" DESC LIMIT ?[0m  [["game_id", 1], ["LIMIT", 1]]
  ↳ app/controllers/games_controller.rb:12
  Rendering games/show.erb within layouts/application
  [1m[36mPlayer Load (0.1ms)[0m  [1m[34mSELECT "players".* FROM "players" WHERE "players"."game_id" = ?[0m  [["game_id", 1]]
  ↳ app/views/games/show.erb:9
  Rendered games/show.erb within layouts/application (4.2ms)
Completed 200 OK in 44ms (Views: 38.2ms | ActiveRecord: 0.5ms)


Started POST "/players" for 127.0.0.1 at 2018-10-25 14:32:13 -0400
Processing by PlayersController#create as HTML
  Parameters: {"utf8"=>"✓", "authenticity_token"=>"0xJsPLn0O39HejFrnlXhawWqaLdKg4B+Nz4/U4/KXwYlZELY1p3HyYGhk0AulDBt/jQzBeHRxfMPlzrgSGAnaA==", "player"=>{"room_code"=>"FTLK", "name"=>"Dan"}, "commit"=>"Create Player"}
  [1m[36mGame Load (0.2ms)[0m  [1m[34mSELECT  "games".* FROM "games" WHERE "games"."room_code" = ? LIMIT ?[0m  [["room_code", "FTLK"], ["LIMIT", 1]]
  ↳ app/controllers/players_controller.rb:20
  [1m[35m (0.0ms)[0m  [1m[36mbegin transaction[0m
  ↳ app/controllers/players_controller.rb:8
  [1m[36mGame Load (0.1ms)[0m  [1m[34mSELECT  "games".* FROM "games" WHERE "games"."id" = ? LIMIT ?[0m  [["id", 1], ["LIMIT", 1]]
  ↳ app/controllers/players_controller.rb:8
  [1m[36mPlayer Create (0.4ms)[0m  [1m[32mINSERT INTO "players" ("name", "game_id", "created_at", "updated_at", "room_code") VALUES (?, ?, ?, ?, ?)[0m  [["name", "Dan"], ["game_id", 1], ["created_at", "2018-10-25 18:32:13.886688"], ["updated_at", "2018-10-25 18:32:13.886688"], ["room_code", "FTLK"]]
  ↳ app/controllers/players_controller.rb:8
  [1m[35m (0.8ms)[0m  [1m[36mcommit transaction[0m
  ↳ app/controllers/players_controller.rb:8
Redirected to http://localhost:3000/games/1
Completed 302 Found in 7ms (ActiveRecord: 1.5ms)


Started GET "/games/1" for 127.0.0.1 at 2018-10-25 14:32:13 -0400
Processing by GamesController#show as HTML
  Parameters: {"id"=>"1"}
  [1m[36mGame Load (0.2ms)[0m  [1m[34mSELECT  "games".* FROM "games" WHERE "games"."id" = ? LIMIT ?[0m  [["id", 1], ["LIMIT", 1]]
  ↳ app/controllers/games_controller.rb:8
  [1m[36mRound Load (0.2ms)[0m  [1m[34mSELECT  "rounds".* FROM "rounds" WHERE "rounds"."game_id" = ? ORDER BY "rounds"."id" DESC LIMIT ?[0m  [["game_id", 1], ["LIMIT", 1]]
  ↳ app/controllers/games_controller.rb:12
  Rendering games/show.erb within layouts/application
  [1m[36mPlayer Load (0.2ms)[0m  [1m[34mSELECT "players".* FROM "players" WHERE "players"."game_id" = ?[0m  [["game_id", 1]]
  ↳ app/views/games/show.erb:9
  Rendered games/show.erb within layouts/application (4.6ms)
Completed 200 OK in 63ms (Views: 57.0ms | ActiveRecord: 0.5ms)


Started POST "/players" for 127.0.0.1 at 2018-10-25 14:32:16 -0400
Processing by PlayersController#create as HTML
  Parameters: {"utf8"=>"✓", "authenticity_token"=>"vpDDwwO31IOW9UqouL7vec9oFIWub156wyQsVy+LVbFI5u0nbN4oNVAu6IMIfz5/NPZPNwU9G/f7jSnk6CEt3w==", "player"=>{"room_code"=>"FTLK", "name"=>"Mitch"}, "commit"=>"Create Player"}
  [1m[36mGame Load (0.2ms)[0m  [1m[34mSELECT  "games".* FROM "games" WHERE "games"."room_code" = ? LIMIT ?[0m  [["room_code", "FTLK"], ["LIMIT", 1]]
  ↳ app/controllers/players_controller.rb:20
  [1m[35m (0.0ms)[0m  [1m[36mbegin transaction[0m
  ↳ app/controllers/players_controller.rb:8
  [1m[36mGame Load (0.1ms)[0m  [1m[34mSELECT  "games".* FROM "games" WHERE "games"."id" = ? LIMIT ?[0m  [["id", 1], ["LIMIT", 1]]
  ↳ app/controllers/players_controller.rb:8
  [1m[36mPlayer Create (0.5ms)[0m  [1m[32mINSERT INTO "players" ("name", "game_id", "created_at", "updated_at", "room_code") VALUES (?, ?, ?, ?, ?)[0m  [["name", "Mitch"], ["game_id", 1], ["created_at", "2018-10-25 18:32:16.528338"], ["updated_at", "2018-10-25 18:32:16.528338"], ["room_code", "FTLK"]]
  ↳ app/controllers/players_controller.rb:8
  [1m[35m (1.1ms)[0m  [1m[36mcommit transaction[0m
  ↳ app/controllers/players_controller.rb:8
Redirected to http://localhost:3000/games/1
Completed 302 Found in 8ms (ActiveRecord: 2.0ms)


Started GET "/games/1" for 127.0.0.1 at 2018-10-25 14:32:16 -0400
Processing by GamesController#show as HTML
  Parameters: {"id"=>"1"}
  [1m[36mGame Load (0.2ms)[0m  [1m[34mSELECT  "games".* FROM "games" WHERE "games"."id" = ? LIMIT ?[0m  [["id", 1], ["LIMIT", 1]]
  ↳ app/controllers/games_controller.rb:8
  [1m[36mRound Load (0.2ms)[0m  [1m[34mSELECT  "rounds".* FROM "rounds" WHERE "rounds"."game_id" = ? ORDER BY "rounds"."id" DESC LIMIT ?[0m  [["game_id", 1], ["LIMIT", 1]]
  ↳ app/controllers/games_controller.rb:12
  Rendering games/show.erb within layouts/application
  [1m[36mPlayer Load (0.2ms)[0m  [1m[34mSELECT "players".* FROM "players" WHERE "players"."game_id" = ?[0m  [["game_id", 1]]
  ↳ app/views/games/show.erb:9
  Rendered games/show.erb within layouts/application (6.5ms)
Completed 200 OK in 61ms (Views: 54.3ms | ActiveRecord: 0.5ms)


Started GET "/games/1" for 127.0.0.1 at 2018-10-25 14:32:36 -0400
Processing by GamesController#show as HTML
  Parameters: {"id"=>"1"}
  [1m[36mGame Load (0.1ms)[0m  [1m[34mSELECT  "games".* FROM "games" WHERE "games"."id" = ? LIMIT ?[0m  [["id", 1], ["LIMIT", 1]]
  ↳ app/controllers/games_controller.rb:8
  [1m[36mRound Load (0.2ms)[0m  [1m[34mSELECT  "rounds".* FROM "rounds" WHERE "rounds"."game_id" = ? ORDER BY "rounds"."id" DESC LIMIT ?[0m  [["game_id", 1], ["LIMIT", 1]]
  ↳ app/controllers/games_controller.rb:12
  Rendering games/show.erb within layouts/application
  [1m[36mPlayer Load (0.3ms)[0m  [1m[34mSELECT "players".* FROM "players" WHERE "players"."game_id" = ?[0m  [["game_id", 1]]
  ↳ app/views/games/show.erb:9
  Rendered games/show.erb within layouts/application (3.4ms)
Completed 200 OK in 41ms (Views: 34.7ms | ActiveRecord: 0.6ms)


Started POST "/rounds?game_id=1" for 127.0.0.1 at 2018-10-25 14:32:45 -0400
Processing by RoundsController#create as HTML
  Parameters: {"authenticity_token"=>"lVnjsjNefPWIG5kl2+pHlcgl8I5EWcU5CqzD/63DMytjL81WXDeAQ07AOw5rK5aTM7urPO8LgLQyBcZMamlLRQ==", "game_id"=>"1"}
  [1m[35m (0.1ms)[0m  [1m[36mbegin transaction[0m
  ↳ app/controllers/rounds_controller.rb:16
  [1m[36mGame Load (0.1ms)[0m  [1m[34mSELECT  "games".* FROM "games" WHERE "games"."id" = ? LIMIT ?[0m  [["id", 1], ["LIMIT", 1]]
  ↳ app/controllers/rounds_controller.rb:16
  [1m[36mRound Create (0.5ms)[0m  [1m[32mINSERT INTO "rounds" ("game_id") VALUES (?)[0m  [["game_id", 1]]
  ↳ app/controllers/rounds_controller.rb:16
  [1m[35m (1.2ms)[0m  [1m[36mcommit transaction[0m
  ↳ app/controllers/rounds_controller.rb:16
  [1m[36mItem Load (0.3ms)[0m  [1m[34mSELECT "items".* FROM "items"[0m
  ↳ app/controllers/rounds_controller.rb:20
  [1m[35m (0.1ms)[0m  [1m[36mbegin transaction[0m
  ↳ app/controllers/rounds_controller.rb:21
  [1m[36mItem Load (0.2ms)[0m  [1m[34mSELECT  "items".* FROM "items" WHERE "items"."id" = ? LIMIT ?[0m  [["id", 9], ["LIMIT", 1]]
  ↳ app/controllers/rounds_controller.rb:21
  [1m[36mRound Load (0.1ms)[0m  [1m[34mSELECT  "rounds".* FROM "rounds" WHERE "rounds"."id" = ? LIMIT ?[0m  [["id", 1], ["LIMIT", 1]]
  ↳ app/controllers/rounds_controller.rb:21
  [1m[36mRoundItem Create (0.6ms)[0m  [1m[32mINSERT INTO "round_items" ("round_id", "item_id", "created_at", "updated_at") VALUES (?, ?, ?, ?)[0m  [["round_id", 1], ["item_id", 9], ["created_at", "2018-10-25 18:32:45.845739"], ["updated_at", "2018-10-25 18:32:45.845739"]]
  ↳ app/controllers/rounds_controller.rb:21
  [1m[35m (1.1ms)[0m  [1m[36mcommit transaction[0m
  ↳ app/controllers/rounds_controller.rb:21
  [1m[36mGame Load (0.3ms)[0m  [1m[34mSELECT  "games".* FROM "games" WHERE "games"."id" = ? LIMIT ?[0m  [["id", 1], ["LIMIT", 1]]
  ↳ app/controllers/rounds_controller.rb:23
  [1m[35m (0.1ms)[0m  [1m[36mbegin transaction[0m
  ↳ app/controllers/rounds_controller.rb:27
  [1m[36mGame Update (0.4ms)[0m  [1m[33mUPDATE "games" SET "started" = ?, "updated_at" = ? WHERE "games"."id" = ?[0m  [["started", 1], ["updated_at", "2018-10-25 18:32:45.851642"], ["id", 1]]
  ↳ app/controllers/rounds_controller.rb:27
  [1m[35m (0.8ms)[0m  [1m[36mcommit transaction[0m
  ↳ app/controllers/rounds_controller.rb:27
Redirected to http://localhost:3000/games/1
Completed 302 Found in 55ms (ActiveRecord: 7.3ms)


Started GET "/games/1" for 127.0.0.1 at 2018-10-25 14:32:45 -0400
Processing by GamesController#show as HTML
  Parameters: {"id"=>"1"}
  [1m[36mGame Load (0.2ms)[0m  [1m[34mSELECT  "games".* FROM "games" WHERE "games"."id" = ? LIMIT ?[0m  [["id", 1], ["LIMIT", 1]]
  ↳ app/controllers/games_controller.rb:8
  [1m[36mRound Load (0.4ms)[0m  [1m[34mSELECT  "rounds".* FROM "rounds" WHERE "rounds"."game_id" = ? ORDER BY "rounds"."id" DESC LIMIT ?[0m  [["game_id", 1], ["LIMIT", 1]]
  ↳ app/controllers/games_controller.rb:12
  Rendering games/show.erb within layouts/application
  [1m[35m (0.2ms)[0m  [1m[34mSELECT COUNT(*) FROM "rounds" WHERE "rounds"."game_id" = ?[0m  [["game_id", 1]]
  ↳ app/views/games/show.erb:33
  [1m[36mItem Load (0.2ms)[0m  [1m[34mSELECT  "items".* FROM "items" INNER JOIN "round_items" ON "items"."id" = "round_items"."item_id" WHERE "round_items"."round_id" = ? LIMIT ?[0m  [["round_id", 1], ["LIMIT", 1]]
  ↳ app/views/games/show.erb:38
  [1m[36mPlayer Load (0.1ms)[0m  [1m[34mSELECT "players".* FROM "players" WHERE "players"."game_id" = ?[0m  [["game_id", 1]]
  ↳ app/views/games/show.erb:44
  [1m[36mChoice Load (0.2ms)[0m  [1m[34mSELECT "choices".* FROM "choices" WHERE "choices"."player_id" = ?[0m  [["player_id", 25]]
  ↳ app/models/player.rb:7
  [1m[36mChoice Load (0.1ms)[0m  [1m[34mSELECT "choices".* FROM "choices" WHERE "choices"."player_id" = ?[0m  [["player_id", 26]]
  ↳ app/models/player.rb:7
  [1m[36mChoice Load (0.1ms)[0m  [1m[34mSELECT "choices".* FROM "choices" WHERE "choices"."player_id" = ?[0m  [["player_id", 27]]
  ↳ app/models/player.rb:7
  [1m[36mChoice Load (0.1ms)[0m  [1m[34mSELECT "choices".* FROM "choices" WHERE "choices"."player_id" = ?[0m  [["player_id", 28]]
  ↳ app/models/player.rb:7
  Rendered games/show.erb within layouts/application (37.4ms)
Completed 200 OK in 82ms (Views: 71.0ms | ActiveRecord: 2.5ms)


Started POST "/choices" for 127.0.0.1 at 2018-10-25 14:32:57 -0400
Processing by ChoicesController#create as HTML
  Parameters: {"utf8"=>"✓", "authenticity_token"=>"YASXgM/R9svGojF+JvrLQIH06AFKMHtOFwPXlZM6CCGWcrlkoLgKfQB5k1WWOxpGemqzs+FiPsMvqtImVJBwTw==", "choice"=>{"player_id"=>"25", "round_id"=>"1", "guess_ammount"=>"3444"}, "commit"=>"Create Choice"}
  [1m[35m (0.1ms)[0m  [1m[36mbegin transaction[0m
  ↳ app/controllers/choices_controller.rb:3
  [1m[36mPlayer Load (0.3ms)[0m  [1m[34mSELECT  "players".* FROM "players" WHERE "players"."id" = ? LIMIT ?[0m  [["id", 25], ["LIMIT", 1]]
  ↳ app/controllers/choices_controller.rb:3
  [1m[36mRound Load (0.1ms)[0m  [1m[34mSELECT  "rounds".* FROM "rounds" WHERE "rounds"."id" = ? LIMIT ?[0m  [["id", 1], ["LIMIT", 1]]
  ↳ app/controllers/choices_controller.rb:3
  [1m[36mChoice Create (0.4ms)[0m  [1m[32mINSERT INTO "choices" ("round_id", "player_id", "guess_ammount") VALUES (?, ?, ?)[0m  [["round_id", 1], ["player_id", 25], ["guess_ammount", 3444]]
  ↳ app/controllers/choices_controller.rb:3
  [1m[35m (0.9ms)[0m  [1m[36mcommit transaction[0m
  ↳ app/controllers/choices_controller.rb:3
  [1m[36mGame Load (0.2ms)[0m  [1m[34mSELECT  "games".* FROM "games" WHERE "games"."id" = ? LIMIT ?[0m  [["id", 1], ["LIMIT", 1]]
  ↳ app/controllers/choices_controller.rb:4
Redirected to http://localhost:3000/games/1
Completed 302 Found in 11ms (ActiveRecord: 1.9ms)


Started GET "/games/1" for 127.0.0.1 at 2018-10-25 14:32:57 -0400
Processing by GamesController#show as HTML
  Parameters: {"id"=>"1"}
  [1m[36mGame Load (0.1ms)[0m  [1m[34mSELECT  "games".* FROM "games" WHERE "games"."id" = ? LIMIT ?[0m  [["id", 1], ["LIMIT", 1]]
  ↳ app/controllers/games_controller.rb:8
  [1m[36mRound Load (0.2ms)[0m  [1m[34mSELECT  "rounds".* FROM "rounds" WHERE "rounds"."game_id" = ? ORDER BY "rounds"."id" DESC LIMIT ?[0m  [["game_id", 1], ["LIMIT", 1]]
  ↳ app/controllers/games_controller.rb:12
  Rendering games/show.erb within layouts/application
  [1m[35m (0.2ms)[0m  [1m[34mSELECT COUNT(*) FROM "rounds" WHERE "rounds"."game_id" = ?[0m  [["game_id", 1]]
  ↳ app/views/games/show.erb:33
  [1m[36mItem Load (0.2ms)[0m  [1m[34mSELECT  "items".* FROM "items" INNER JOIN "round_items" ON "items"."id" = "round_items"."item_id" WHERE "round_items"."round_id" = ? LIMIT ?[0m  [["round_id", 1], ["LIMIT", 1]]
  ↳ app/views/games/show.erb:38
  [1m[36mPlayer Load (0.2ms)[0m  [1m[34mSELECT "players".* FROM "players" WHERE "players"."game_id" = ?[0m  [["game_id", 1]]
  ↳ app/views/games/show.erb:44
  [1m[36mChoice Load (0.2ms)[0m  [1m[34mSELECT "choices".* FROM "choices" WHERE "choices"."player_id" = ?[0m  [["player_id", 25]]
  ↳ app/models/player.rb:7
  [1m[36mChoice Load (0.2ms)[0m  [1m[34mSELECT "choices".* FROM "choices" WHERE "choices"."player_id" = ?[0m  [["player_id", 26]]
  ↳ app/models/player.rb:7
  [1m[36mChoice Load (0.2ms)[0m  [1m[34mSELECT "choices".* FROM "choices" WHERE "choices"."player_id" = ?[0m  [["player_id", 27]]
  ↳ app/models/player.rb:7
  [1m[36mChoice Load (0.2ms)[0m  [1m[34mSELECT "choices".* FROM "choices" WHERE "choices"."player_id" = ?[0m  [["player_id", 28]]
  ↳ app/models/player.rb:7
  [1m[36mCACHE Round Load (0.0ms)[0m  [1m[34mSELECT  "rounds".* FROM "rounds" WHERE "rounds"."game_id" = ? ORDER BY "rounds"."id" DESC LIMIT ?[0m  [["game_id", 1], ["LIMIT", 1]]
  ↳ app/models/game.rb:15
  Rendered games/show.erb within layouts/application (14.5ms)
Completed 200 OK in 63ms (Views: 48.1ms | ActiveRecord: 1.7ms)


Started POST "/choices" for 127.0.0.1 at 2018-10-25 14:33:01 -0400
Processing by ChoicesController#create as HTML
  Parameters: {"utf8"=>"✓", "authenticity_token"=>"1J7MO0HOlVwJBKPncooexhNoaHiXwrV6q5E63NLu8nwi6OLfLqdp6s/fAczCS8/A6PYzyjyQ8PeTOD9vFUSKEg==", "choice"=>{"player_id"=>"26", "round_id"=>"1", "guess_ammount"=>"123422"}, "commit"=>"Create Choice"}
  [1m[35m (0.1ms)[0m  [1m[36mbegin transaction[0m
  ↳ app/controllers/choices_controller.rb:3
  [1m[36mPlayer Load (0.2ms)[0m  [1m[34mSELECT  "players".* FROM "players" WHERE "players"."id" = ? LIMIT ?[0m  [["id", 26], ["LIMIT", 1]]
  ↳ app/controllers/choices_controller.rb:3
  [1m[36mRound Load (0.1ms)[0m  [1m[34mSELECT  "rounds".* FROM "rounds" WHERE "rounds"."id" = ? LIMIT ?[0m  [["id", 1], ["LIMIT", 1]]
  ↳ app/controllers/choices_controller.rb:3
  [1m[36mChoice Create (0.4ms)[0m  [1m[32mINSERT INTO "choices" ("round_id", "player_id", "guess_ammount") VALUES (?, ?, ?)[0m  [["round_id", 1], ["player_id", 26], ["guess_ammount", 123422]]
  ↳ app/controllers/choices_controller.rb:3
  [1m[35m (2.1ms)[0m  [1m[36mcommit transaction[0m
  ↳ app/controllers/choices_controller.rb:3
  [1m[36mGame Load (0.2ms)[0m  [1m[34mSELECT  "games".* FROM "games" WHERE "games"."id" = ? LIMIT ?[0m  [["id", 1], ["LIMIT", 1]]
  ↳ app/controllers/choices_controller.rb:4
Redirected to http://localhost:3000/games/1
Completed 302 Found in 9ms (ActiveRecord: 3.1ms)


Started GET "/games/1" for 127.0.0.1 at 2018-10-25 14:33:01 -0400
Processing by GamesController#show as HTML
  Parameters: {"id"=>"1"}
  [1m[36mGame Load (0.2ms)[0m  [1m[34mSELECT  "games".* FROM "games" WHERE "games"."id" = ? LIMIT ?[0m  [["id", 1], ["LIMIT", 1]]
  ↳ app/controllers/games_controller.rb:8
  [1m[36mRound Load (0.2ms)[0m  [1m[34mSELECT  "rounds".* FROM "rounds" WHERE "rounds"."game_id" = ? ORDER BY "rounds"."id" DESC LIMIT ?[0m  [["game_id", 1], ["LIMIT", 1]]
  ↳ app/controllers/games_controller.rb:12
  Rendering games/show.erb within layouts/application
  [1m[35m (0.2ms)[0m  [1m[34mSELECT COUNT(*) FROM "rounds" WHERE "rounds"."game_id" = ?[0m  [["game_id", 1]]
  ↳ app/views/games/show.erb:33
  [1m[36mItem Load (0.2ms)[0m  [1m[34mSELECT  "items".* FROM "items" INNER JOIN "round_items" ON "items"."id" = "round_items"."item_id" WHERE "round_items"."round_id" = ? LIMIT ?[0m  [["round_id", 1], ["LIMIT", 1]]
  ↳ app/views/games/show.erb:38
  [1m[36mPlayer Load (0.5ms)[0m  [1m[34mSELECT "players".* FROM "players" WHERE "players"."game_id" = ?[0m  [["game_id", 1]]
  ↳ app/views/games/show.erb:44
  [1m[36mChoice Load (0.2ms)[0m  [1m[34mSELECT "choices".* FROM "choices" WHERE "choices"."player_id" = ?[0m  [["player_id", 25]]
  ↳ app/models/player.rb:7
  [1m[36mChoice Load (0.2ms)[0m  [1m[34mSELECT "choices".* FROM "choices" WHERE "choices"."player_id" = ?[0m  [["player_id", 26]]
  ↳ app/models/player.rb:7
  [1m[36mChoice Load (0.2ms)[0m  [1m[34mSELECT "choices".* FROM "choices" WHERE "choices"."player_id" = ?[0m  [["player_id", 27]]
  ↳ app/models/player.rb:7
  [1m[36mChoice Load (0.2ms)[0m  [1m[34mSELECT "choices".* FROM "choices" WHERE "choices"."player_id" = ?[0m  [["player_id", 28]]
  ↳ app/models/player.rb:7
  [1m[36mCACHE Round Load (0.0ms)[0m  [1m[34mSELECT  "rounds".* FROM "rounds" WHERE "rounds"."game_id" = ? ORDER BY "rounds"."id" DESC LIMIT ?[0m  [["game_id", 1], ["LIMIT", 1]]
  ↳ app/models/game.rb:15
  [1m[36mCACHE Round Load (0.0ms)[0m  [1m[34mSELECT  "rounds".* FROM "rounds" WHERE "rounds"."game_id" = ? ORDER BY "rounds"."id" DESC LIMIT ?[0m  [["game_id", 1], ["LIMIT", 1]]
  ↳ app/models/game.rb:15
  Rendered games/show.erb within layouts/application (22.0ms)
Completed 200 OK in 65ms (Views: 56.6ms | ActiveRecord: 2.0ms)


Started POST "/choices" for 127.0.0.1 at 2018-10-25 14:33:05 -0400
Processing by ChoicesController#create as HTML
  Parameters: {"utf8"=>"✓", "authenticity_token"=>"ML1gTyQ26z9woxVciwhPr8Q4Wj52+teBdKe5oIDfZITGy06rS18XibZ4t3c7yZ6pP6YBjN2okgxMDrwTR3Uc6g==", "choice"=>{"player_id"=>"27", "round_id"=>"1", "guess_ammount"=>"1"}, "commit"=>"Create Choice"}
  [1m[35m (0.1ms)[0m  [1m[36mbegin transaction[0m
  ↳ app/controllers/choices_controller.rb:3
  [1m[36mPlayer Load (0.1ms)[0m  [1m[34mSELECT  "players".* FROM "players" WHERE "players"."id" = ? LIMIT ?[0m  [["id", 27], ["LIMIT", 1]]
  ↳ app/controllers/choices_controller.rb:3
  [1m[36mRound Load (0.1ms)[0m  [1m[34mSELECT  "rounds".* FROM "rounds" WHERE "rounds"."id" = ? LIMIT ?[0m  [["id", 1], ["LIMIT", 1]]
  ↳ app/controllers/choices_controller.rb:3
  [1m[36mChoice Create (0.4ms)[0m  [1m[32mINSERT INTO "choices" ("round_id", "player_id", "guess_ammount") VALUES (?, ?, ?)[0m  [["round_id", 1], ["player_id", 27], ["guess_ammount", 1]]
  ↳ app/controllers/choices_controller.rb:3
  [1m[35m (2.3ms)[0m  [1m[36mcommit transaction[0m
  ↳ app/controllers/choices_controller.rb:3
  [1m[36mGame Load (0.2ms)[0m  [1m[34mSELECT  "games".* FROM "games" WHERE "games"."id" = ? LIMIT ?[0m  [["id", 1], ["LIMIT", 1]]
  ↳ app/controllers/choices_controller.rb:4
Redirected to http://localhost:3000/games/1
Completed 302 Found in 10ms (ActiveRecord: 3.1ms)


Started GET "/games/1" for 127.0.0.1 at 2018-10-25 14:33:05 -0400
Processing by GamesController#show as HTML
  Parameters: {"id"=>"1"}
  [1m[36mGame Load (0.1ms)[0m  [1m[34mSELECT  "games".* FROM "games" WHERE "games"."id" = ? LIMIT ?[0m  [["id", 1], ["LIMIT", 1]]
  ↳ app/controllers/games_controller.rb:8
  [1m[36mRound Load (0.2ms)[0m  [1m[34mSELECT  "rounds".* FROM "rounds" WHERE "rounds"."game_id" = ? ORDER BY "rounds"."id" DESC LIMIT ?[0m  [["game_id", 1], ["LIMIT", 1]]
  ↳ app/controllers/games_controller.rb:12
  Rendering games/show.erb within layouts/application
  [1m[35m (0.3ms)[0m  [1m[34mSELECT COUNT(*) FROM "rounds" WHERE "rounds"."game_id" = ?[0m  [["game_id", 1]]
  ↳ app/views/games/show.erb:33
  [1m[36mItem Load (0.3ms)[0m  [1m[34mSELECT  "items".* FROM "items" INNER JOIN "round_items" ON "items"."id" = "round_items"."item_id" WHERE "round_items"."round_id" = ? LIMIT ?[0m  [["round_id", 1], ["LIMIT", 1]]
  ↳ app/views/games/show.erb:38
  [1m[36mPlayer Load (0.3ms)[0m  [1m[34mSELECT "players".* FROM "players" WHERE "players"."game_id" = ?[0m  [["game_id", 1]]
  ↳ app/views/games/show.erb:44
  [1m[36mChoice Load (0.3ms)[0m  [1m[34mSELECT "choices".* FROM "choices" WHERE "choices"."player_id" = ?[0m  [["player_id", 25]]
  ↳ app/models/player.rb:7
  [1m[36mChoice Load (0.2ms)[0m  [1m[34mSELECT "choices".* FROM "choices" WHERE "choices"."player_id" = ?[0m  [["player_id", 26]]
  ↳ app/models/player.rb:7
  [1m[36mChoice Load (0.2ms)[0m  [1m[34mSELECT "choices".* FROM "choices" WHERE "choices"."player_id" = ?[0m  [["player_id", 27]]
  ↳ app/models/player.rb:7
  [1m[36mChoice Load (0.3ms)[0m  [1m[34mSELECT "choices".* FROM "choices" WHERE "choices"."player_id" = ?[0m  [["player_id", 28]]
  ↳ app/models/player.rb:7
  [1m[36mCACHE Round Load (0.0ms)[0m  [1m[34mSELECT  "rounds".* FROM "rounds" WHERE "rounds"."game_id" = ? ORDER BY "rounds"."id" DESC LIMIT ?[0m  [["game_id", 1], ["LIMIT", 1]]
  ↳ app/models/game.rb:15
  [1m[36mCACHE Round Load (0.0ms)[0m  [1m[34mSELECT  "rounds".* FROM "rounds" WHERE "rounds"."game_id" = ? ORDER BY "rounds"."id" DESC LIMIT ?[0m  [["game_id", 1], ["LIMIT", 1]]
  ↳ app/models/game.rb:15
  [1m[36mCACHE Round Load (0.0ms)[0m  [1m[34mSELECT  "rounds".* FROM "rounds" WHERE "rounds"."game_id" = ? ORDER BY "rounds"."id" DESC LIMIT ?[0m  [["game_id", 1], ["LIMIT", 1]]
  ↳ app/models/game.rb:15
  Rendered games/show.erb within layouts/application (21.2ms)
Completed 200 OK in 61ms (Views: 53.4ms | ActiveRecord: 2.2ms)


Started POST "/choices" for 127.0.0.1 at 2018-10-25 14:33:08 -0400
Processing by ChoicesController#create as HTML
  Parameters: {"utf8"=>"✓", "authenticity_token"=>"e3/czGzynxroEI+RNezRAnfiv0/W+g1zLblOj4+eOlKNCfIoA5tjrC7LLbqFLQAEjHzk/X2oSP4VEEs8SDRCPA==", "choice"=>{"player_id"=>"28", "round_id"=>"1", "guess_ammount"=>"2"}, "commit"=>"Create Choice"}
  [1m[35m (0.1ms)[0m  [1m[36mbegin transaction[0m
  ↳ app/controllers/choices_controller.rb:3
  [1m[36mPlayer Load (0.1ms)[0m  [1m[34mSELECT  "players".* FROM "players" WHERE "players"."id" = ? LIMIT ?[0m  [["id", 28], ["LIMIT", 1]]
  ↳ app/controllers/choices_controller.rb:3
  [1m[36mRound Load (0.1ms)[0m  [1m[34mSELECT  "rounds".* FROM "rounds" WHERE "rounds"."id" = ? LIMIT ?[0m  [["id", 1], ["LIMIT", 1]]
  ↳ app/controllers/choices_controller.rb:3
  [1m[36mChoice Create (0.4ms)[0m  [1m[32mINSERT INTO "choices" ("round_id", "player_id", "guess_ammount") VALUES (?, ?, ?)[0m  [["round_id", 1], ["player_id", 28], ["guess_ammount", 2]]
  ↳ app/controllers/choices_controller.rb:3
  [1m[35m (2.8ms)[0m  [1m[36mcommit transaction[0m
  ↳ app/controllers/choices_controller.rb:3
  [1m[36mGame Load (0.2ms)[0m  [1m[34mSELECT  "games".* FROM "games" WHERE "games"."id" = ? LIMIT ?[0m  [["id", 1], ["LIMIT", 1]]
  ↳ app/controllers/choices_controller.rb:4
Redirected to http://localhost:3000/games/1
Completed 302 Found in 11ms (ActiveRecord: 3.6ms)


Started GET "/games/1" for 127.0.0.1 at 2018-10-25 14:33:08 -0400
Processing by GamesController#show as HTML
  Parameters: {"id"=>"1"}
  [1m[36mGame Load (0.2ms)[0m  [1m[34mSELECT  "games".* FROM "games" WHERE "games"."id" = ? LIMIT ?[0m  [["id", 1], ["LIMIT", 1]]
  ↳ app/controllers/games_controller.rb:8
  [1m[36mRound Load (0.2ms)[0m  [1m[34mSELECT  "rounds".* FROM "rounds" WHERE "rounds"."game_id" = ? ORDER BY "rounds"."id" DESC LIMIT ?[0m  [["game_id", 1], ["LIMIT", 1]]
  ↳ app/controllers/games_controller.rb:12
  Rendering games/show.erb within layouts/application
  [1m[35m (0.2ms)[0m  [1m[34mSELECT COUNT(*) FROM "rounds" WHERE "rounds"."game_id" = ?[0m  [["game_id", 1]]
  ↳ app/views/games/show.erb:33
  [1m[36mItem Load (0.2ms)[0m  [1m[34mSELECT  "items".* FROM "items" INNER JOIN "round_items" ON "items"."id" = "round_items"."item_id" WHERE "round_items"."round_id" = ? LIMIT ?[0m  [["round_id", 1], ["LIMIT", 1]]
  ↳ app/views/games/show.erb:38
  [1m[36mPlayer Load (0.3ms)[0m  [1m[34mSELECT "players".* FROM "players" WHERE "players"."game_id" = ?[0m  [["game_id", 1]]
  ↳ app/views/games/show.erb:44
  [1m[36mChoice Load (0.2ms)[0m  [1m[34mSELECT "choices".* FROM "choices" WHERE "choices"."player_id" = ?[0m  [["player_id", 25]]
  ↳ app/models/player.rb:7
  [1m[36mChoice Load (0.3ms)[0m  [1m[34mSELECT "choices".* FROM "choices" WHERE "choices"."player_id" = ?[0m  [["player_id", 26]]
  ↳ app/models/player.rb:7
  [1m[36mChoice Load (0.2ms)[0m  [1m[34mSELECT "choices".* FROM "choices" WHERE "choices"."player_id" = ?[0m  [["player_id", 27]]
  ↳ app/models/player.rb:7
  [1m[36mChoice Load (0.2ms)[0m  [1m[34mSELECT "choices".* FROM "choices" WHERE "choices"."player_id" = ?[0m  [["player_id", 28]]
  ↳ app/models/player.rb:7
  [1m[36mCACHE Round Load (0.0ms)[0m  [1m[34mSELECT  "rounds".* FROM "rounds" WHERE "rounds"."game_id" = ? ORDER BY "rounds"."id" DESC LIMIT ?[0m  [["game_id", 1], ["LIMIT", 1]]
  ↳ app/models/game.rb:15
  [1m[36mCACHE Round Load (0.0ms)[0m  [1m[34mSELECT  "rounds".* FROM "rounds" WHERE "rounds"."game_id" = ? ORDER BY "rounds"."id" DESC LIMIT ?[0m  [["game_id", 1], ["LIMIT", 1]]
  ↳ app/models/game.rb:15
  [1m[36mCACHE Round Load (0.0ms)[0m  [1m[34mSELECT  "rounds".* FROM "rounds" WHERE "rounds"."game_id" = ? ORDER BY "rounds"."id" DESC LIMIT ?[0m  [["game_id", 1], ["LIMIT", 1]]
  ↳ app/models/game.rb:15
  [1m[36mCACHE Round Load (0.0ms)[0m  [1m[34mSELECT  "rounds".* FROM "rounds" WHERE "rounds"."game_id" = ? ORDER BY "rounds"."id" DESC LIMIT ?[0m  [["game_id", 1], ["LIMIT", 1]]
  ↳ app/models/game.rb:15
  Rendered games/show.erb within layouts/application (21.3ms)
Completed 200 OK in 62ms (Views: 54.2ms | ActiveRecord: 1.9ms)


Started POST "/round?id=1" for 127.0.0.1 at 2018-10-25 14:33:10 -0400
Processing by RoundsController#show as HTML
  Parameters: {"authenticity_token"=>"1/gXdco2b0NN1mOZigzdJROeLs/oiwKL/HZyVdKiOo4hjjmRpV+T9YsNwbI6zQwj6AB1fUPZRwbE33fmFQhC4A==", "id"=>"1"}
  [1m[36mRound Load (0.1ms)[0m  [1m[34mSELECT  "rounds".* FROM "rounds" WHERE "rounds"."id" = ? LIMIT ?[0m  [["id", 1], ["LIMIT", 1]]
  ↳ app/controllers/rounds_controller.rb:3
  [1m[36mPlayer Load (0.5ms)[0m  [1m[34mSELECT "players".* FROM "players" INNER JOIN "choices" ON "players"."id" = "choices"."player_id" WHERE "choices"."round_id" = ?[0m  [["round_id", 1]]
  ↳ app/models/round.rb:18
  [1m[36mChoice Load (0.1ms)[0m  [1m[34mSELECT "choices".* FROM "choices" WHERE "choices"."player_id" = ?[0m  [["player_id", 25]]
  ↳ app/models/player.rb:7
  [1m[36mItem Load (0.1ms)[0m  [1m[34mSELECT  "items".* FROM "items" INNER JOIN "round_items" ON "items"."id" = "round_items"."item_id" WHERE "round_items"."round_id" = ? LIMIT ?[0m  [["round_id", 1], ["LIMIT", 1]]
  ↳ app/models/round.rb:19
  [1m[36mChoice Load (0.1ms)[0m  [1m[34mSELECT "choices".* FROM "choices" WHERE "choices"."player_id" = ?[0m  [["player_id", 26]]
  ↳ app/models/player.rb:7
  [1m[36mChoice Load (0.1ms)[0m  [1m[34mSELECT "choices".* FROM "choices" WHERE "choices"."player_id" = ?[0m  [["player_id", 27]]
  ↳ app/models/player.rb:7
  [1m[36mChoice Load (0.1ms)[0m  [1m[34mSELECT "choices".* FROM "choices" WHERE "choices"."player_id" = ?[0m  [["player_id", 28]]
  ↳ app/models/player.rb:7
  [1m[35m (0.1ms)[0m  [1m[36mbegin transaction[0m
  ↳ app/controllers/rounds_controller.rb:9
  [1m[36mGame Load (0.1ms)[0m  [1m[34mSELECT  "games".* FROM "games" WHERE "games"."id" = ? LIMIT ?[0m  [["id", 1], ["LIMIT", 1]]
  ↳ app/controllers/rounds_controller.rb:9
  [1m[36mRound Update (0.4ms)[0m  [1m[33mUPDATE "rounds" SET "winner" = ? WHERE "rounds"."id" = ?[0m  [["winner", 25], ["id", 1]]
  ↳ app/controllers/rounds_controller.rb:9
  [1m[35m (0.8ms)[0m  [1m[36mcommit transaction[0m
  ↳ app/controllers/rounds_controller.rb:9
  Rendering rounds/show.erb within layouts/application
  [1m[35m (0.2ms)[0m  [1m[34mSELECT COUNT(*) FROM "rounds" WHERE "rounds"."game_id" = ?[0m  [["game_id", 1]]
  ↳ app/views/rounds/show.erb:1
  [1m[36mPlayer Load (0.1ms)[0m  [1m[34mSELECT  "players".* FROM "players" WHERE "players"."id" = ? LIMIT ?[0m  [["id", 25], ["LIMIT", 1]]
  ↳ app/models/round.rb:10
  [1m[36mCACHE Player Load (0.0ms)[0m  [1m[34mSELECT  "players".* FROM "players" WHERE "players"."id" = ? LIMIT ?[0m  [["id", 25], ["LIMIT", 1]]
  ↳ app/models/round.rb:10
  [1m[35mCACHE  (0.0ms)[0m  [1m[34mSELECT COUNT(*) FROM "rounds" WHERE "rounds"."game_id" = ?[0m  [["game_id", 1]]
  ↳ app/views/rounds/show.erb:19
  Rendered rounds/show.erb within layouts/application (5.8ms)
Completed 200 OK in 66ms (Views: 43.9ms | ActiveRecord: 2.9ms)


  [1m[35m (0.2ms)[0m  [1m[34mSELECT "schema_migrations"."version" FROM "schema_migrations" ORDER BY "schema_migrations"."version" ASC[0m
  ↳ /Users/mx/.rvm/gems/ruby-2.3.3/bin/rake:23
  [1m[36mActiveRecord::InternalMetadata Load (0.3ms)[0m  [1m[34mSELECT  "ar_internal_metadata".* FROM "ar_internal_metadata" WHERE "ar_internal_metadata"."key" = ? LIMIT ?[0m  [["key", "environment"], ["LIMIT", 1]]
  ↳ /Users/mx/.rvm/gems/ruby-2.3.3/bin/rake:23
  [1m[35m (0.1ms)[0m  [1m[36mbegin transaction[0m
  ↳ /Users/mx/.rvm/gems/ruby-2.3.3/bin/rake:23
  [1m[35m (0.0ms)[0m  [1m[36mcommit transaction[0m
  ↳ /Users/mx/.rvm/gems/ruby-2.3.3/bin/rake:23
  [1m[35m (0.1ms)[0m  [1m[34mSELECT "schema_migrations"."version" FROM "schema_migrations" ORDER BY "schema_migrations"."version" ASC[0m
  ↳ /Users/mx/.rvm/gems/ruby-2.3.3/bin/rake:23
Started GET "/" for 127.0.0.1 at 2018-10-25 14:39:36 -0400
  [1m[35m (0.2ms)[0m  [1m[34mSELECT "schema_migrations"."version" FROM "schema_migrations" ORDER BY "schema_migrations"."version" ASC[0m
  ↳ /Users/mx/.rvm/gems/ruby-2.3.3/gems/activerecord-5.2.1/lib/active_record/log_subscriber.rb:98
Processing by GamesController#welcome as HTML
  Rendering games/welcome.erb within layouts/application
  Rendered games/welcome.erb within layouts/application (3.6ms)
Completed 200 OK in 279ms (Views: 271.0ms | ActiveRecord: 0.0ms)


Started POST "/games/new" for 127.0.0.1 at 2018-10-25 14:39:44 -0400
  
ActionController::RoutingError (No route matches [POST] "/games/new"):
  
actionpack (5.2.1) lib/action_dispatch/middleware/debug_exceptions.rb:65:in `call'
web-console (3.7.0) lib/web_console/middleware.rb:135:in `call_app'
web-console (3.7.0) lib/web_console/middleware.rb:30:in `block in call'
web-console (3.7.0) lib/web_console/middleware.rb:20:in `catch'
web-console (3.7.0) lib/web_console/middleware.rb:20:in `call'
actionpack (5.2.1) lib/action_dispatch/middleware/show_exceptions.rb:33:in `call'
railties (5.2.1) lib/rails/rack/logger.rb:38:in `call_app'
railties (5.2.1) lib/rails/rack/logger.rb:26:in `block in call'
activesupport (5.2.1) lib/active_support/tagged_logging.rb:71:in `block in tagged'
activesupport (5.2.1) lib/active_support/tagged_logging.rb:28:in `tagged'
activesupport (5.2.1) lib/active_support/tagged_logging.rb:71:in `tagged'
railties (5.2.1) lib/rails/rack/logger.rb:26:in `call'
sprockets-rails (3.2.1) lib/sprockets/rails/quiet_assets.rb:13:in `call'
actionpack (5.2.1) lib/action_dispatch/middleware/remote_ip.rb:81:in `call'
actionpack (5.2.1) lib/action_dispatch/middleware/request_id.rb:27:in `call'
rack (2.0.5) lib/rack/method_override.rb:22:in `call'
rack (2.0.5) lib/rack/runtime.rb:22:in `call'
activesupport (5.2.1) lib/active_support/cache/strategy/local_cache_middleware.rb:29:in `call'
actionpack (5.2.1) lib/action_dispatch/middleware/executor.rb:14:in `call'
actionpack (5.2.1) lib/action_dispatch/middleware/static.rb:127:in `call'
rack (2.0.5) lib/rack/sendfile.rb:111:in `call'
railties (5.2.1) lib/rails/engine.rb:524:in `call'
puma (3.12.0) lib/puma/configuration.rb:225:in `call'
puma (3.12.0) lib/puma/server.rb:658:in `handle_request'
puma (3.12.0) lib/puma/server.rb:472:in `process_client'
puma (3.12.0) lib/puma/server.rb:332:in `block in run'
puma (3.12.0) lib/puma/thread_pool.rb:133:in `block in spawn_thread'
Started GET "/" for 127.0.0.1 at 2018-10-25 14:40:11 -0400
Processing by GamesController#welcome as HTML
  Rendering games/welcome.erb within layouts/application
  Rendered games/welcome.erb within layouts/application (1.1ms)
Completed 200 OK in 37ms (Views: 35.8ms | ActiveRecord: 0.0ms)


Started GET "/games/new" for 127.0.0.1 at 2018-10-25 14:40:12 -0400
Processing by GamesController#new as HTML
  Rendering games/new.erb within layouts/application
  Rendered games/new.erb within layouts/application (8.0ms)
Completed 200 OK in 86ms (Views: 48.4ms | ActiveRecord: 0.9ms)


Started GET "/" for 127.0.0.1 at 2018-10-25 14:40:24 -0400
Processing by GamesController#welcome as HTML
  Rendering games/welcome.erb within layouts/application
  Rendered games/welcome.erb within layouts/application (1.0ms)
Completed 200 OK in 61ms (Views: 60.9ms | ActiveRecord: 0.0ms)


Started GET "/games" for 127.0.0.1 at 2018-10-25 14:40:25 -0400
Processing by GamesController#index as HTML
  Rendering games/index.erb within layouts/application
  [1m[36mGame Load (0.2ms)[0m  [1m[34mSELECT "games".* FROM "games"[0m
  ↳ app/views/games/index.erb:3
  Rendered games/index.erb within layouts/application (3.9ms)
Completed 200 OK in 57ms (Views: 51.2ms | ActiveRecord: 0.2ms)


Started GET "/games/new" for 127.0.0.1 at 2018-10-25 14:40:28 -0400
Processing by GamesController#new as HTML
  Rendering games/new.erb within layouts/application
  Rendered games/new.erb within layouts/application (2.9ms)
Completed 200 OK in 49ms (Views: 44.8ms | ActiveRecord: 0.0ms)


Started GET "/games" for 127.0.0.1 at 2018-10-25 14:40:31 -0400
Processing by GamesController#index as HTML
  Rendering games/index.erb within layouts/application
  [1m[36mGame Load (0.2ms)[0m  [1m[34mSELECT "games".* FROM "games"[0m
  ↳ app/views/games/index.erb:3
  Rendered games/index.erb within layouts/application (2.0ms)
Completed 200 OK in 38ms (Views: 33.9ms | ActiveRecord: 0.2ms)


Started GET "/games/new" for 127.0.0.1 at 2018-10-25 14:40:35 -0400
Processing by GamesController#new as HTML
  Rendering games/new.erb within layouts/application
  Rendered games/new.erb within layouts/application (2.1ms)
Completed 200 OK in 50ms (Views: 46.2ms | ActiveRecord: 0.0ms)


Started GET "/games" for 127.0.0.1 at 2018-10-25 14:40:37 -0400
Processing by GamesController#index as HTML
  Rendering games/index.erb within layouts/application
  [1m[36mGame Load (0.2ms)[0m  [1m[34mSELECT "games".* FROM "games"[0m
  ↳ app/views/games/index.erb:3
  Rendered games/index.erb within layouts/application (2.1ms)
Completed 200 OK in 35ms (Views: 31.7ms | ActiveRecord: 0.2ms)


Started GET "/games/1" for 127.0.0.1 at 2018-10-25 14:40:41 -0400
Processing by GamesController#show as HTML
  Parameters: {"id"=>"1"}
  [1m[36mGame Load (0.3ms)[0m  [1m[34mSELECT  "games".* FROM "games" WHERE "games"."id" = ? LIMIT ?[0m  [["id", 1], ["LIMIT", 1]]
  ↳ app/controllers/games_controller.rb:8
  [1m[36mRound Load (0.1ms)[0m  [1m[34mSELECT  "rounds".* FROM "rounds" WHERE "rounds"."game_id" = ? ORDER BY "rounds"."id" DESC LIMIT ?[0m  [["game_id", 1], ["LIMIT", 1]]
  ↳ app/controllers/games_controller.rb:12
  Rendering games/show.erb within layouts/application
  [1m[35m (0.3ms)[0m  [1m[34mSELECT COUNT(*) FROM "rounds" WHERE "rounds"."game_id" = ?[0m  [["game_id", 1]]
  ↳ app/views/games/show.erb:33
  [1m[36mItem Load (0.3ms)[0m  [1m[34mSELECT  "items".* FROM "items" INNER JOIN "round_items" ON "items"."id" = "round_items"."item_id" WHERE "round_items"."round_id" = ? LIMIT ?[0m  [["round_id", 1], ["LIMIT", 1]]
  ↳ app/views/games/show.erb:38
  [1m[36mPlayer Load (0.2ms)[0m  [1m[34mSELECT "players".* FROM "players" WHERE "players"."game_id" = ?[0m  [["game_id", 1]]
  ↳ app/views/games/show.erb:44
  [1m[36mChoice Load (0.1ms)[0m  [1m[34mSELECT "choices".* FROM "choices" WHERE "choices"."player_id" = ?[0m  [["player_id", 25]]
  ↳ app/models/player.rb:7
  [1m[36mChoice Load (0.1ms)[0m  [1m[34mSELECT "choices".* FROM "choices" WHERE "choices"."player_id" = ?[0m  [["player_id", 26]]
  ↳ app/models/player.rb:7
  [1m[36mChoice Load (0.1ms)[0m  [1m[34mSELECT "choices".* FROM "choices" WHERE "choices"."player_id" = ?[0m  [["player_id", 27]]
  ↳ app/models/player.rb:7
  [1m[36mChoice Load (0.1ms)[0m  [1m[34mSELECT "choices".* FROM "choices" WHERE "choices"."player_id" = ?[0m  [["player_id", 28]]
  ↳ app/models/player.rb:7
  [1m[36mCACHE Round Load (0.0ms)[0m  [1m[34mSELECT  "rounds".* FROM "rounds" WHERE "rounds"."game_id" = ? ORDER BY "rounds"."id" DESC LIMIT ?[0m  [["game_id", 1], ["LIMIT", 1]]
  ↳ app/models/game.rb:15
  [1m[36mCACHE Round Load (0.0ms)[0m  [1m[34mSELECT  "rounds".* FROM "rounds" WHERE "rounds"."game_id" = ? ORDER BY "rounds"."id" DESC LIMIT ?[0m  [["game_id", 1], ["LIMIT", 1]]
  ↳ app/models/game.rb:15
  [1m[36mCACHE Round Load (0.0ms)[0m  [1m[34mSELECT  "rounds".* FROM "rounds" WHERE "rounds"."game_id" = ? ORDER BY "rounds"."id" DESC LIMIT ?[0m  [["game_id", 1], ["LIMIT", 1]]
  ↳ app/models/game.rb:15
  [1m[36mCACHE Round Load (0.0ms)[0m  [1m[34mSELECT  "rounds".* FROM "rounds" WHERE "rounds"."game_id" = ? ORDER BY "rounds"."id" DESC LIMIT ?[0m  [["game_id", 1], ["LIMIT", 1]]
  ↳ app/models/game.rb:15
  Rendered games/show.erb within layouts/application (50.7ms)
Completed 200 OK in 128ms (Views: 77.1ms | ActiveRecord: 4.6ms)


Started POST "/round?id=1" for 127.0.0.1 at 2018-10-25 14:40:45 -0400
Processing by RoundsController#show as HTML
  Parameters: {"authenticity_token"=>"UkPG/2ugvJJTOa9ATWK13cuUaHDFqSTni7XUVQuCzMW7+HqBqTRZWI6jqpzEp2Ck5V/HlTeuFVOBRLF7blG0MQ==", "id"=>"1"}
  [1m[36mRound Load (0.3ms)[0m  [1m[34mSELECT  "rounds".* FROM "rounds" WHERE "rounds"."id" = ? LIMIT ?[0m  [["id", 1], ["LIMIT", 1]]
  ↳ app/controllers/rounds_controller.rb:3
  [1m[36mPlayer Load (0.3ms)[0m  [1m[34mSELECT "players".* FROM "players" INNER JOIN "choices" ON "players"."id" = "choices"."player_id" WHERE "choices"."round_id" = ?[0m  [["round_id", 1]]
  ↳ app/models/round.rb:18
  [1m[36mChoice Load (0.1ms)[0m  [1m[34mSELECT "choices".* FROM "choices" WHERE "choices"."player_id" = ?[0m  [["player_id", 25]]
  ↳ app/models/player.rb:7
  [1m[36mItem Load (0.2ms)[0m  [1m[34mSELECT  "items".* FROM "items" INNER JOIN "round_items" ON "items"."id" = "round_items"."item_id" WHERE "round_items"."round_id" = ? LIMIT ?[0m  [["round_id", 1], ["LIMIT", 1]]
  ↳ app/models/round.rb:19
  [1m[36mChoice Load (0.1ms)[0m  [1m[34mSELECT "choices".* FROM "choices" WHERE "choices"."player_id" = ?[0m  [["player_id", 26]]
  ↳ app/models/player.rb:7
  [1m[36mChoice Load (0.2ms)[0m  [1m[34mSELECT "choices".* FROM "choices" WHERE "choices"."player_id" = ?[0m  [["player_id", 27]]
  ↳ app/models/player.rb:7
  [1m[36mChoice Load (0.1ms)[0m  [1m[34mSELECT "choices".* FROM "choices" WHERE "choices"."player_id" = ?[0m  [["player_id", 28]]
  ↳ app/models/player.rb:7
  [1m[35m (0.1ms)[0m  [1m[36mbegin transaction[0m
  ↳ app/controllers/rounds_controller.rb:9
  [1m[36mGame Load (0.1ms)[0m  [1m[34mSELECT  "games".* FROM "games" WHERE "games"."id" = ? LIMIT ?[0m  [["id", 1], ["LIMIT", 1]]
  ↳ app/controllers/rounds_controller.rb:9
  [1m[35m (0.1ms)[0m  [1m[36mcommit transaction[0m
  ↳ app/controllers/rounds_controller.rb:9
  Rendering rounds/show.erb within layouts/application
  [1m[35m (0.2ms)[0m  [1m[34mSELECT COUNT(*) FROM "rounds" WHERE "rounds"."game_id" = ?[0m  [["game_id", 1]]
  ↳ app/views/rounds/show.erb:1
  [1m[36mPlayer Load (0.2ms)[0m  [1m[34mSELECT  "players".* FROM "players" WHERE "players"."id" = ? LIMIT ?[0m  [["id", 25], ["LIMIT", 1]]
  ↳ app/models/round.rb:10
  [1m[36mCACHE Player Load (0.0ms)[0m  [1m[34mSELECT  "players".* FROM "players" WHERE "players"."id" = ? LIMIT ?[0m  [["id", 25], ["LIMIT", 1]]
  ↳ app/models/round.rb:10
  [1m[35mCACHE  (0.0ms)[0m  [1m[34mSELECT COUNT(*) FROM "rounds" WHERE "rounds"."game_id" = ?[0m  [["game_id", 1]]
  ↳ app/views/rounds/show.erb:19
  Rendered rounds/show.erb within layouts/application (5.1ms)
Completed 200 OK in 59ms (Views: 37.2ms | ActiveRecord: 2.0ms)


Started GET "/games" for 127.0.0.1 at 2018-10-25 14:40:50 -0400
Processing by GamesController#index as HTML
  Rendering games/index.erb within layouts/application
  [1m[36mGame Load (0.2ms)[0m  [1m[34mSELECT "games".* FROM "games"[0m
  ↳ app/views/games/index.erb:3
  Rendered games/index.erb within layouts/application (2.6ms)
Completed 200 OK in 51ms (Views: 47.5ms | ActiveRecord: 0.2ms)


Started GET "/" for 127.0.0.1 at 2018-10-25 14:40:53 -0400
Processing by GamesController#welcome as HTML
  Rendering games/welcome.erb within layouts/application
  Rendered games/welcome.erb within layouts/application (1.0ms)
Completed 200 OK in 40ms (Views: 39.1ms | ActiveRecord: 0.0ms)


Started GET "/games/new" for 127.0.0.1 at 2018-10-25 14:40:58 -0400
Processing by GamesController#new as HTML
  Rendering games/new.erb within layouts/application
  Rendered games/new.erb within layouts/application (2.3ms)
Completed 200 OK in 42ms (Views: 36.2ms | ActiveRecord: 0.0ms)


Started GET "/games" for 127.0.0.1 at 2018-10-25 14:41:00 -0400
Processing by GamesController#index as HTML
  Rendering games/index.erb within layouts/application
  [1m[36mGame Load (0.2ms)[0m  [1m[34mSELECT "games".* FROM "games"[0m
  ↳ app/views/games/index.erb:3
  Rendered games/index.erb within layouts/application (1.9ms)
Completed 200 OK in 38ms (Views: 34.3ms | ActiveRecord: 0.2ms)


